#
# There is insufficient memory for the Java Runtime Environment to continue.
# Native memory allocation (malloc) failed to allocate 379616 bytes. Error detail: Chunk::new
# Possible reasons:
#   The system is out of physical RAM or swap space
#   This process is running with CompressedOops enabled, and the Java Heap may be blocking the growth of the native heap
# Possible solutions:
#   Reduce memory load on the system
#   Increase physical memory or swap space
#   Check if swap backing store is full
#   Decrease Java heap size (-Xmx/-Xms)
#   Decrease number of Java threads
#   Decrease Java thread stack sizes (-Xss)
#   Set larger code cache with -XX:ReservedCodeCacheSize=
#   JVM is running with Unscaled Compressed Oops mode in which the Java heap is
#     placed in the first 4GB address space. The Java Heap base address is the
#     maximum limit for the native heap growth. Please use -XX:HeapBaseMinAddress
#     to set the Java Heap base and to place the Java Heap above 4GB virtual address.
# This output file may be truncated or incomplete.
#
#  Out of Memory Error (arena.cpp:168), pid=25416, tid=23484
#
# JRE version: OpenJDK Runtime Environment Temurin-21.0.10+7 (21.0.10+7) (build 21.0.10+7-LTS)
# Java VM: OpenJDK 64-Bit Server VM Temurin-21.0.10+7 (21.0.10+7-LTS, mixed mode, sharing, tiered, compressed oops, compressed class ptrs, parallel gc, windows-amd64)
# No core dump will be written. Minidumps are not enabled by default on client versions of Windows
#

---------------  S U M M A R Y ------------

Command Line: --add-modules=ALL-SYSTEM --add-opens=java.base/java.util=ALL-UNNAMED --add-opens=java.base/java.lang=ALL-UNNAMED --add-opens=java.base/sun.nio.fs=ALL-UNNAMED -Declipse.application=org.eclipse.jdt.ls.core.id1 -Dosgi.bundles.defaultStartLevel=4 -Declipse.product=org.eclipse.jdt.ls.core.product -Djava.import.generatesMetadataFilesAtProjectRoot=false -DDetectVMInstallationsJob.disabled=true -Dfile.encoding=utf8 -XX:+UseParallelGC -XX:GCTimeRatio=4 -XX:AdaptiveSizePolicyWeight=90 -Dsun.zip.disableMemoryMapping=true -Xmx2G -Xms100m -Xlog:disable -javaagent:c:\Users\kitti_yk\.antigravity\extensions\redhat.java-1.54.0-win32-x64\lombok\lombok-1.18.39-4050.jar -XX:+HeapDumpOnOutOfMemoryError -XX:HeapDumpPath=c:\Users\kitti_yk\AppData\Roaming\Antigravity\User\workspaceStorage\13276544807d968d943086185edd8cff\redhat.java -Daether.dependencyCollector.impl=bf c:\Users\kitti_yk\.antigravity\extensions\redhat.java-1.54.0-win32-x64\server\plugins\org.eclipse.equinox.launcher_1.7.100.v20251111-0406.jar -configuration c:\Users\kitti_yk\AppData\Roaming\Antigravity\User\globalStorage\redhat.java\1.54.0\config_win -data c:\Users\kitti_yk\AppData\Roaming\Antigravity\User\workspaceStorage\13276544807d968d943086185edd8cff\redhat.java\jdt_ws --pipe=\\.\pipe\lsp-502159162646f57498297df6c3b4628c-sock

Host: 12th Gen Intel(R) Core(TM) i5-12450H, 12 cores, 15G,  Windows 11 , 64 bit Build 26100 (10.0.26100.8246)
Time: Mon Apr 27 02:50:08 2026 elapsed time: 27690.051826 seconds (0d 7h 41m 30s)

---------------  T H R E A D  ---------------

Current thread (0x000001b15120a510):  JavaThread "C2 CompilerThread0" daemon [_thread_in_native, id=23484, stack(0x0000008f28a00000,0x0000008f28b00000) (1024K)]


Current CompileTask:
C2:27690052 7612       4       org.eclipse.osgi.internal.serviceregistry.ServiceRegistry::notifyHooksPrivileged (57 bytes)

Stack: [0x0000008f28a00000,0x0000008f28b00000]
Native frames: (J=compiled Java code, j=interpreted, Vv=VM code, C=native code)
V  [jvm.dll+0x6d7a39]
V  [jvm.dll+0x8b4b26]
V  [jvm.dll+0x8b70de]
V  [jvm.dll+0x8b77c3]
V  [jvm.dll+0x284346]
V  [jvm.dll+0xc66ed]
V  [jvm.dll+0xc6c31]
V  [jvm.dll+0x2fb29e]
V  [jvm.dll+0x5fe884]
V  [jvm.dll+0x255b17]
V  [jvm.dll+0x24e12a]
V  [jvm.dll+0x24ba42]
V  [jvm.dll+0x1cb34e]
V  [jvm.dll+0x25b85d]
V  [jvm.dll+0x259dea]
V  [jvm.dll+0x3f857e]
V  [jvm.dll+0x85f59d]
V  [jvm.dll+0x6d626d]
C  [ucrtbase.dll+0x37b0]
C  [KERNEL32.DLL+0x2e8d7]
C  [ntdll.dll+0x8c3fc]


---------------  P R O C E S S  ---------------

Threads class SMR info:
_java_thread_list=0x000001b17034b7f0, length=40, elements={
0x000001b14edc7aa0, 0x000001b1510f62f0, 0x000001b1511f3770, 0x000001b1511f7120,
0x000001b1511f7b80, 0x000001b1511f85e0, 0x000001b1510f9370, 0x000001b15120a510,
0x000001b15120afd0, 0x000001b1690670f0, 0x000001b169195020, 0x000001b16e271070,
0x000001b16e062dd0, 0x000001b168fafab0, 0x000001b16e65f090, 0x000001b16e8a55e0,
0x000001b16e9af690, 0x000001b16e96fd10, 0x000001b16e954280, 0x000001b16e98fbe0,
0x000001b16e98e1a0, 0x000001b16e990f90, 0x000001b16e98eec0, 0x000001b16e990270,
0x000001b16e991620, 0x000001b16e98f550, 0x000001b16fd0f020, 0x000001b16fd0c230,
0x000001b16fd0cf50, 0x000001b16fd0e300, 0x000001b16fd0e990, 0x000001b16fd0d5e0,
0x000001b16fd0bba0, 0x000001b16fd0dc70, 0x000001b16fd0f6b0, 0x000001b16fd0fd40,
0x000001b16fd0c8c0, 0x000001b16fd11780, 0x000001b16fd12b30, 0x000001b16fd131c0
}

Java Threads: ( => current thread )
  0x000001b14edc7aa0 JavaThread "main"                              [_thread_blocked, id=23296, stack(0x0000008f28000000,0x0000008f28100000) (1024K)]
  0x000001b1510f62f0 JavaThread "Reference Handler"          daemon [_thread_blocked, id=11876, stack(0x0000008f28400000,0x0000008f28500000) (1024K)]
  0x000001b1511f3770 JavaThread "Finalizer"                  daemon [_thread_blocked, id=8292, stack(0x0000008f28500000,0x0000008f28600000) (1024K)]
  0x000001b1511f7120 JavaThread "Signal Dispatcher"          daemon [_thread_blocked, id=15404, stack(0x0000008f28600000,0x0000008f28700000) (1024K)]
  0x000001b1511f7b80 JavaThread "Attach Listener"            daemon [_thread_blocked, id=7816, stack(0x0000008f28700000,0x0000008f28800000) (1024K)]
  0x000001b1511f85e0 JavaThread "Service Thread"             daemon [_thread_blocked, id=1840, stack(0x0000008f28800000,0x0000008f28900000) (1024K)]
  0x000001b1510f9370 JavaThread "Monitor Deflation Thread"   daemon [_thread_blocked, id=1516, stack(0x0000008f28900000,0x0000008f28a00000) (1024K)]
=>0x000001b15120a510 JavaThread "C2 CompilerThread0"         daemon [_thread_in_native, id=23484, stack(0x0000008f28a00000,0x0000008f28b00000) (1024K)]
  0x000001b15120afd0 JavaThread "C1 CompilerThread0"         daemon [_thread_blocked, id=23208, stack(0x0000008f28b00000,0x0000008f28c00000) (1024K)]
  0x000001b1690670f0 JavaThread "Common-Cleaner"             daemon [_thread_blocked, id=24560, stack(0x0000008f28d00000,0x0000008f28e00000) (1024K)]
  0x000001b169195020 JavaThread "Notification Thread"        daemon [_thread_blocked, id=12908, stack(0x0000008f28e00000,0x0000008f28f00000) (1024K)]
  0x000001b16e271070 JavaThread "Active Thread: Equinox Container: b108ae89-273e-4b56-a239-8096fbd417b2"        [_thread_blocked, id=4040, stack(0x0000008f29600000,0x0000008f29700000) (1024K)]
  0x000001b16e062dd0 JavaThread "Refresh Thread: Equinox Container: b108ae89-273e-4b56-a239-8096fbd417b2" daemon [_thread_blocked, id=10396, stack(0x0000008f28f00000,0x0000008f29000000) (1024K)]
  0x000001b168fafab0 JavaThread "Framework Event Dispatcher: Equinox Container: b108ae89-273e-4b56-a239-8096fbd417b2" daemon [_thread_blocked, id=14632, stack(0x0000008f29700000,0x0000008f29800000) (1024K)]
  0x000001b16e65f090 JavaThread "Start Level: Equinox Container: b108ae89-273e-4b56-a239-8096fbd417b2" daemon [_thread_blocked, id=24896, stack(0x0000008f29800000,0x0000008f29900000) (1024K)]
  0x000001b16e8a55e0 JavaThread "Bundle File Closer"         daemon [_thread_blocked, id=14444, stack(0x0000008f29c00000,0x0000008f29d00000) (1024K)]
  0x000001b16e9af690 JavaThread "SCR Component Actor"        daemon [_thread_blocked, id=7988, stack(0x0000008f29900000,0x0000008f29a00000) (1024K)]
  0x000001b16e96fd10 JavaThread "Worker-JM"                         [_thread_blocked, id=24844, stack(0x0000008f29f00000,0x0000008f2a000000) (1024K)]
  0x000001b16e954280 JavaThread "Worker-1"                          [_thread_blocked, id=13776, stack(0x0000008f2a100000,0x0000008f2a200000) (1024K)]
  0x000001b16e98fbe0 JavaThread "Java indexing"              daemon [_thread_blocked, id=16584, stack(0x0000008f2a200000,0x0000008f2a300000) (1024K)]
  0x000001b16e98e1a0 JavaThread "JNA Cleaner"                daemon [_thread_blocked, id=21468, stack(0x0000008f29d00000,0x0000008f29e00000) (1024K)]
  0x000001b16e990f90 JavaThread "Thread-1"                   daemon [_thread_in_native, id=4976, stack(0x0000008f2a700000,0x0000008f2a800000) (1024K)]
  0x000001b16e98eec0 JavaThread "Thread-2"                   daemon [_thread_in_native, id=26000, stack(0x0000008f2a800000,0x0000008f2a900000) (1024K)]
  0x000001b16e990270 JavaThread "Thread-3"                   daemon [_thread_in_native, id=17512, stack(0x0000008f2a900000,0x0000008f2aa00000) (1024K)]
  0x000001b16e991620 JavaThread "Thread-4"                   daemon [_thread_in_native, id=14612, stack(0x0000008f2aa00000,0x0000008f2ab00000) (1024K)]
  0x000001b16e98f550 JavaThread "Thread-5"                   daemon [_thread_in_native, id=21016, stack(0x0000008f2ab00000,0x0000008f2ac00000) (1024K)]
  0x000001b16fd0f020 JavaThread "Thread-6"                   daemon [_thread_in_native, id=20484, stack(0x0000008f2ac00000,0x0000008f2ad00000) (1024K)]
  0x000001b16fd0c230 JavaThread "Thread-7"                   daemon [_thread_in_native, id=14008, stack(0x0000008f2ad00000,0x0000008f2ae00000) (1024K)]
  0x000001b16fd0cf50 JavaThread "Thread-8"                   daemon [_thread_in_native, id=20672, stack(0x0000008f2ae00000,0x0000008f2af00000) (1024K)]
  0x000001b16fd0e300 JavaThread "Thread-9"                   daemon [_thread_in_native, id=15540, stack(0x0000008f2af00000,0x0000008f2b000000) (1024K)]
  0x000001b16fd0e990 JavaThread "Thread-10"                  daemon [_thread_in_native, id=21260, stack(0x0000008f2b000000,0x0000008f2b100000) (1024K)]
  0x000001b16fd0d5e0 JavaThread "Thread-11"                  daemon [_thread_in_native, id=18060, stack(0x0000008f2b100000,0x0000008f2b200000) (1024K)]
  0x000001b16fd0bba0 JavaThread "Thread-12"                  daemon [_thread_in_native, id=22644, stack(0x0000008f2b200000,0x0000008f2b300000) (1024K)]
  0x000001b16fd0dc70 JavaThread "Thread-13"                  daemon [_thread_in_native, id=24364, stack(0x0000008f2b300000,0x0000008f2b400000) (1024K)]
  0x000001b16fd0f6b0 JavaThread "pool-2-thread-1"                   [_thread_blocked, id=12616, stack(0x0000008f2b400000,0x0000008f2b500000) (1024K)]
  0x000001b16fd0fd40 JavaThread "WorkspaceEventsHandler"            [_thread_blocked, id=9332, stack(0x0000008f2b600000,0x0000008f2b700000) (1024K)]
  0x000001b16fd0c8c0 JavaThread "pool-1-thread-1"                   [_thread_blocked, id=5704, stack(0x0000008f2b700000,0x0000008f2b800000) (1024K)]
  0x000001b16fd11780 JavaThread "Worker-4"                          [_thread_blocked, id=20308, stack(0x0000008f2b900000,0x0000008f2ba00000) (1024K)]
  0x000001b16fd12b30 JavaThread "pool-3-thread-1"                   [_thread_blocked, id=61708, stack(0x0000008f27d00000,0x0000008f27e00000) (1024K)]
  0x000001b16fd131c0 JavaThread "Framework stop - Equinox Container: b108ae89-273e-4b56-a239-8096fbd417b2"        [_thread_in_vm, id=59984, stack(0x0000008f27e00000,0x0000008f27f00000) (1024K)]
Total: 40

Other Threads:
  0x000001b1511ef810 VMThread "VM Thread"                           [id=4240, stack(0x0000008f28300000,0x0000008f28400000) (1024K)]
  0x000001b150fdba00 WatcherThread "VM Periodic Task Thread"        [id=15556, stack(0x0000008f28200000,0x0000008f28300000) (1024K)]
  0x000001b1511682b0 WorkerThread "GC Thread#0"                     [id=4896, stack(0x0000008f28100000,0x0000008f28200000) (1024K)]
  0x000001b16e85a860 WorkerThread "GC Thread#1"                     [id=10848, stack(0x0000008f29000000,0x0000008f29100000) (1024K)]
  0x000001b16e62a2f0 WorkerThread "GC Thread#2"                     [id=14352, stack(0x0000008f29100000,0x0000008f29200000) (1024K)]
  0x000001b16e85ac10 WorkerThread "GC Thread#3"                     [id=24012, stack(0x0000008f29200000,0x0000008f29300000) (1024K)]
  0x000001b16e85afc0 WorkerThread "GC Thread#4"                     [id=20996, stack(0x0000008f29300000,0x0000008f29400000) (1024K)]
  0x000001b16e85b780 WorkerThread "GC Thread#5"                     [id=24040, stack(0x0000008f29400000,0x0000008f29500000) (1024K)]
  0x000001b16e690050 WorkerThread "GC Thread#6"                     [id=11608, stack(0x0000008f29500000,0x0000008f29600000) (1024K)]
  0x000001b168eaa950 WorkerThread "GC Thread#7"                     [id=26108, stack(0x0000008f28c00000,0x0000008f28d00000) (1024K)]
  0x000001b16e3c35c0 WorkerThread "GC Thread#8"                     [id=1708, stack(0x0000008f29a00000,0x0000008f29b00000) (1024K)]
  0x000001b16e037bb0 WorkerThread "GC Thread#9"                     [id=5088, stack(0x0000008f29b00000,0x0000008f29c00000) (1024K)]
Total: 12

Threads with active compile tasks:
C2 CompilerThread0  27690090 7612       4       org.eclipse.osgi.internal.serviceregistry.ServiceRegistry::notifyHooksPrivileged (57 bytes)
Total: 1

VM state: not at safepoint (normal execution)

VM Mutex/Monitor currently owned by a thread: None

Heap address: 0x0000000080000000, size: 2048 MB, Compressed Oops mode: 32-bit

CDS archive(s) mapped at: [0x000001b100000000-0x000001b100ba0000-0x000001b100ba0000), size 12189696, SharedBaseAddress: 0x000001b100000000, ArchiveRelocationMode: 1.
Compressed class space mapped at: 0x000001b101000000-0x000001b141000000, reserved size: 1073741824
Narrow klass base: 0x000001b100000000, Narrow klass shift: 0, Narrow klass range: 0x100000000

GC Precious Log:
 CardTable entry size: 512
 CPUs: 12 total, 12 available
 Memory: 16085M
 Large Page Support: Disabled
 NUMA Support: Disabled
 Compressed Oops: Enabled (32-bit)
 Alignments: Space 512K, Generation 512K, Heap 2M
 Heap Min Capacity: 100M
 Heap Initial Capacity: 100M
 Heap Max Capacity: 2G
 Pre-touch: Disabled
 Parallel Workers: 10

Heap:
 PSYoungGen      total 22528K, used 11504K [0x00000000d5580000, 0x00000000d6d80000, 0x0000000100000000)
  eden space 22016K, 50% used [0x00000000d5580000,0x00000000d6074230,0x00000000d6b00000)
  from space 512K, 56% used [0x00000000d6d00000,0x00000000d6d48000,0x00000000d6d80000)
  to   space 512K, 0% used [0x00000000d6c80000,0x00000000d6c80000,0x00000000d6d00000)
 ParOldGen       total 68608K, used 26873K [0x0000000080000000, 0x0000000084300000, 0x00000000d5580000)
  object space 68608K, 39% used [0x0000000080000000,0x0000000081a3e418,0x0000000084300000)
 Metaspace       used 52401K, committed 53632K, reserved 1114112K
  class space    used 5779K, committed 6272K, reserved 1048576K

Card table byte_map: [0x000001b150af0000,0x000001b150f00000] _byte_map_base: 0x000001b1506f0000

Marking Bits: (ParMarkBitMap*) 0x00007ffd3c373450
 Begin Bits: [0x000001b163600000, 0x000001b165600000)
 End Bits:   [0x000001b165600000, 0x000001b167600000)

Polling page: 0x000001b14ef30000

Metaspace:

Usage:
  Non-class:     45.53 MB used.
      Class:      5.64 MB used.
       Both:     51.17 MB used.

Virtual space:
  Non-class space:       64.00 MB reserved,      46.25 MB ( 72%) committed,  1 nodes.
      Class space:        1.00 GB reserved,       6.12 MB ( <1%) committed,  1 nodes.
             Both:        1.06 GB reserved,      52.38 MB (  5%) committed. 

Chunk freelists:
   Non-Class:  1.23 MB
       Class:  9.88 MB
        Both:  11.11 MB

MaxMetaspaceSize: unlimited
CompressedClassSpaceSize: 1.00 GB
Initial GC threshold: 21.00 MB
Current GC threshold: 58.38 MB
CDS: on
 - commit_granule_bytes: 65536.
 - commit_granule_words: 8192.
 - virtual_space_node_default_size: 8388608.
 - enlarge_chunks_in_place: 1.
 - use_allocation_guard: 0.


Internal statistics:

num_allocs_failed_limit: 6.
num_arena_births: 838.
num_arena_deaths: 14.
num_vsnodes_births: 2.
num_vsnodes_deaths: 0.
num_space_committed: 838.
num_space_uncommitted: 0.
num_chunks_returned_to_freelist: 20.
num_chunks_taken_from_freelist: 2947.
num_chunk_merges: 11.
num_chunk_splits: 1823.
num_chunks_enlarged: 1104.
num_inconsistent_stats: 0.

CodeHeap 'non-profiled nmethods': size=120000Kb used=4200Kb max_used=4200Kb free=115799Kb
 bounds [0x000001b15be20000, 0x000001b15c240000, 0x000001b163350000]
CodeHeap 'profiled nmethods': size=120000Kb used=14324Kb max_used=14324Kb free=105675Kb
 bounds [0x000001b154350000, 0x000001b155150000, 0x000001b15b880000]
CodeHeap 'non-nmethods': size=5760Kb used=1408Kb max_used=1467Kb free=4351Kb
 bounds [0x000001b15b880000, 0x000001b15baf0000, 0x000001b15be20000]
CodeCache: size=245760Kb, used=19932Kb, max_used=19991Kb, free=225825Kb
 total_blobs=7737, nmethods=7029, adapters=614, full_count=0
Compilation: enabled, stopped_count=0, restarted_count=0

Compilation events (20 events):
Event: 27689.985 Thread 0x000001b15120afd0 nmethod 7602 0x000001b15514ab90 code [0x000001b15514ad60, 0x000001b15514b020]
Event: 27689.988 Thread 0x000001b15120afd0 7603       3       org.apache.felix.scr.impl.manager.AbstractComponentManager::getLockTimeout (41 bytes)
Event: 27689.989 Thread 0x000001b15120afd0 nmethod 7603 0x000001b15514b110 code [0x000001b15514b300, 0x000001b15514b750]
Event: 27689.989 Thread 0x000001b15120afd0 7604       3       java.util.concurrent.FutureTask::<init> (19 bytes)
Event: 27689.989 Thread 0x000001b15120afd0 nmethod 7604 0x000001b15514b910 code [0x000001b15514bae0, 0x000001b15514bf18]
Event: 27689.989 Thread 0x000001b15120afd0 7605       3       java.util.concurrent.Executors::callable (22 bytes)
Event: 27689.989 Thread 0x000001b15120afd0 nmethod 7605 0x000001b15514c110 code [0x000001b15514c2e0, 0x000001b15514c610]
Event: 27689.989 Thread 0x000001b15120afd0 7606       3       java.util.concurrent.Executors$RunnableAdapter::<init> (15 bytes)
Event: 27689.989 Thread 0x000001b15120afd0 nmethod 7606 0x000001b15514c790 code [0x000001b15514c940, 0x000001b15514cad8]
Event: 27689.989 Thread 0x000001b15120afd0 7607       1       org.apache.felix.scr.impl.config.ScrConfigurationImpl::serviceChangecountTimeout (5 bytes)
Event: 27689.989 Thread 0x000001b15120afd0 nmethod 7607 0x000001b15c239310 code [0x000001b15c2394a0, 0x000001b15c239568]
Event: 27689.989 Thread 0x000001b15120afd0 7608       3       java.util.HashMap::clear (50 bytes)
Event: 27689.989 Thread 0x000001b15120afd0 nmethod 7608 0x000001b15514cb90 code [0x000001b15514cd40, 0x000001b15514d0b0]
Event: 27689.989 Thread 0x000001b15120afd0 7609       1       org.apache.felix.scr.impl.manager.RegistrationManager$RegStateWrapper::getRegState (5 bytes)
Event: 27689.989 Thread 0x000001b15120afd0 nmethod 7609 0x000001b15c239610 code [0x000001b15c2397a0, 0x000001b15c239868]
Event: 27689.994 Thread 0x000001b15120afd0 7610       1       org.apache.felix.scr.impl.metadata.ComponentMetadata::getServiceMetadata (5 bytes)
Event: 27689.994 Thread 0x000001b15120afd0 nmethod 7610 0x000001b15c239910 code [0x000001b15c239aa0, 0x000001b15c239b68]
Event: 27690.003 Thread 0x000001b15120afd0 7611       1       org.apache.felix.scr.impl.manager.AbstractComponentManager::isFactory (2 bytes)
Event: 27690.003 Thread 0x000001b15120afd0 nmethod 7611 0x000001b15c239c10 code [0x000001b15c239da0, 0x000001b15c239e68]
Event: 27690.004 Thread 0x000001b15120a510 7612       4       org.eclipse.osgi.internal.serviceregistry.ServiceRegistry::notifyHooksPrivileged (57 bytes)

GC Heap History (20 events):
Event: 32.646 GC heap before
{Heap before GC invocations=15 (full 2):
 PSYoungGen      total 22528K, used 320K [0x00000000d5580000, 0x00000000d7080000, 0x0000000100000000)
  eden space 22016K, 0% used [0x00000000d5580000,0x00000000d5580000,0x00000000d6b00000)
  from space 512K, 62% used [0x00000000d6e00000,0x00000000d6e50000,0x00000000d6e80000)
  to   space 1024K, 0% used [0x00000000d6f80000,0x00000000d6f80000,0x00000000d7080000)
 ParOldGen       total 68608K, used 20007K [0x0000000080000000, 0x0000000084300000, 0x00000000d5580000)
  object space 68608K, 29% used [0x0000000080000000,0x0000000081389c18,0x0000000084300000)
 Metaspace       used 34887K, committed 35840K, reserved 1114112K
  class space    used 3586K, committed 3968K, reserved 1048576K
}
Event: 32.665 GC heap after
{Heap after GC invocations=15 (full 2):
 PSYoungGen      total 22528K, used 0K [0x00000000d5580000, 0x00000000d7080000, 0x0000000100000000)
  eden space 22016K, 0% used [0x00000000d5580000,0x00000000d5580000,0x00000000d6b00000)
  from space 512K, 0% used [0x00000000d6e00000,0x00000000d6e00000,0x00000000d6e80000)
  to   space 1024K, 0% used [0x00000000d6f80000,0x00000000d6f80000,0x00000000d7080000)
 ParOldGen       total 68608K, used 19216K [0x0000000080000000, 0x0000000084300000, 0x00000000d5580000)
  object space 68608K, 28% used [0x0000000080000000,0x00000000812c42c0,0x0000000084300000)
 Metaspace       used 34887K, committed 35840K, reserved 1114112K
  class space    used 3586K, committed 3968K, reserved 1048576K
}
Event: 32.818 GC heap before
{Heap before GC invocations=16 (full 2):
 PSYoungGen      total 22528K, used 22016K [0x00000000d5580000, 0x00000000d7080000, 0x0000000100000000)
  eden space 22016K, 100% used [0x00000000d5580000,0x00000000d6b00000,0x00000000d6b00000)
  from space 512K, 0% used [0x00000000d6e00000,0x00000000d6e00000,0x00000000d6e80000)
  to   space 1024K, 0% used [0x00000000d6f80000,0x00000000d6f80000,0x00000000d7080000)
 ParOldGen       total 68608K, used 19216K [0x0000000080000000, 0x0000000084300000, 0x00000000d5580000)
  object space 68608K, 28% used [0x0000000080000000,0x00000000812c42c0,0x0000000084300000)
 Metaspace       used 38162K, committed 39104K, reserved 1114112K
  class space    used 4011K, committed 4416K, reserved 1048576K
}
Event: 32.820 GC heap after
{Heap after GC invocations=16 (full 2):
 PSYoungGen      total 23040K, used 992K [0x00000000d5580000, 0x00000000d7080000, 0x0000000100000000)
  eden space 22016K, 0% used [0x00000000d5580000,0x00000000d5580000,0x00000000d6b00000)
  from space 1024K, 96% used [0x00000000d6f80000,0x00000000d7078020,0x00000000d7080000)
  to   space 1536K, 0% used [0x00000000d6d80000,0x00000000d6d80000,0x00000000d6f00000)
 ParOldGen       total 68608K, used 19484K [0x0000000080000000, 0x0000000084300000, 0x00000000d5580000)
  object space 68608K, 28% used [0x0000000080000000,0x00000000813072e0,0x0000000084300000)
 Metaspace       used 38162K, committed 39104K, reserved 1114112K
  class space    used 4011K, committed 4416K, reserved 1048576K
}
Event: 32.940 GC heap before
{Heap before GC invocations=17 (full 2):
 PSYoungGen      total 23040K, used 23008K [0x00000000d5580000, 0x00000000d7080000, 0x0000000100000000)
  eden space 22016K, 100% used [0x00000000d5580000,0x00000000d6b00000,0x00000000d6b00000)
  from space 1024K, 96% used [0x00000000d6f80000,0x00000000d7078020,0x00000000d7080000)
  to   space 1536K, 0% used [0x00000000d6d80000,0x00000000d6d80000,0x00000000d6f00000)
 ParOldGen       total 68608K, used 19484K [0x0000000080000000, 0x0000000084300000, 0x00000000d5580000)
  object space 68608K, 28% used [0x0000000080000000,0x00000000813072e0,0x0000000084300000)
 Metaspace       used 40049K, committed 41088K, reserved 1114112K
  class space    used 4284K, committed 4736K, reserved 1048576K
}
Event: 32.941 GC heap after
{Heap after GC invocations=17 (full 2):
 PSYoungGen      total 23552K, used 762K [0x00000000d5580000, 0x00000000d7000000, 0x0000000100000000)
  eden space 22016K, 0% used [0x00000000d5580000,0x00000000d5580000,0x00000000d6b00000)
  from space 1536K, 49% used [0x00000000d6d80000,0x00000000d6e3eb38,0x00000000d6f00000)
  to   space 1024K, 0% used [0x00000000d6f00000,0x00000000d6f00000,0x00000000d7000000)
 ParOldGen       total 68608K, used 20387K [0x0000000080000000, 0x0000000084300000, 0x00000000d5580000)
  object space 68608K, 29% used [0x0000000080000000,0x00000000813e8f08,0x0000000084300000)
 Metaspace       used 40049K, committed 41088K, reserved 1114112K
  class space    used 4284K, committed 4736K, reserved 1048576K
}
Event: 33.076 GC heap before
{Heap before GC invocations=18 (full 2):
 PSYoungGen      total 23552K, used 22778K [0x00000000d5580000, 0x00000000d7000000, 0x0000000100000000)
  eden space 22016K, 100% used [0x00000000d5580000,0x00000000d6b00000,0x00000000d6b00000)
  from space 1536K, 49% used [0x00000000d6d80000,0x00000000d6e3eb38,0x00000000d6f00000)
  to   space 1024K, 0% used [0x00000000d6f00000,0x00000000d6f00000,0x00000000d7000000)
 ParOldGen       total 68608K, used 20387K [0x0000000080000000, 0x0000000084300000, 0x00000000d5580000)
  object space 68608K, 29% used [0x0000000080000000,0x00000000813e8f08,0x0000000084300000)
 Metaspace       used 41826K, committed 42880K, reserved 1114112K
  class space    used 4512K, committed 4992K, reserved 1048576K
}
Event: 33.077 GC heap after
{Heap after GC invocations=18 (full 2):
 PSYoungGen      total 23040K, used 767K [0x00000000d5580000, 0x00000000d7000000, 0x0000000100000000)
  eden space 22016K, 0% used [0x00000000d5580000,0x00000000d5580000,0x00000000d6b00000)
  from space 1024K, 74% used [0x00000000d6f00000,0x00000000d6fbfdf0,0x00000000d7000000)
  to   space 1024K, 0% used [0x00000000d6e00000,0x00000000d6e00000,0x00000000d6f00000)
 ParOldGen       total 68608K, used 21014K [0x0000000080000000, 0x0000000084300000, 0x00000000d5580000)
  object space 68608K, 30% used [0x0000000080000000,0x0000000081485a60,0x0000000084300000)
 Metaspace       used 41826K, committed 42880K, reserved 1114112K
  class space    used 4512K, committed 4992K, reserved 1048576K
}
Event: 33.270 GC heap before
{Heap before GC invocations=19 (full 2):
 PSYoungGen      total 23040K, used 22783K [0x00000000d5580000, 0x00000000d7000000, 0x0000000100000000)
  eden space 22016K, 100% used [0x00000000d5580000,0x00000000d6b00000,0x00000000d6b00000)
  from space 1024K, 74% used [0x00000000d6f00000,0x00000000d6fbfdf0,0x00000000d7000000)
  to   space 1024K, 0% used [0x00000000d6e00000,0x00000000d6e00000,0x00000000d6f00000)
 ParOldGen       total 68608K, used 21014K [0x0000000080000000, 0x0000000084300000, 0x00000000d5580000)
  object space 68608K, 30% used [0x0000000080000000,0x0000000081485a60,0x0000000084300000)
 Metaspace       used 44397K, committed 45376K, reserved 1114112K
  class space    used 4842K, committed 5248K, reserved 1048576K
}
Event: 33.271 GC heap after
{Heap after GC invocations=19 (full 2):
 PSYoungGen      total 23040K, used 1007K [0x00000000d5580000, 0x00000000d6f80000, 0x0000000100000000)
  eden space 22016K, 0% used [0x00000000d5580000,0x00000000d5580000,0x00000000d6b00000)
  from space 1024K, 98% used [0x00000000d6e00000,0x00000000d6efbda0,0x00000000d6f00000)
  to   space 512K, 0% used [0x00000000d6f00000,0x00000000d6f00000,0x00000000d6f80000)
 ParOldGen       total 68608K, used 21822K [0x0000000080000000, 0x0000000084300000, 0x00000000d5580000)
  object space 68608K, 31% used [0x0000000080000000,0x000000008154fa60,0x0000000084300000)
 Metaspace       used 44397K, committed 45376K, reserved 1114112K
  class space    used 4842K, committed 5248K, reserved 1048576K
}
Event: 33.500 GC heap before
{Heap before GC invocations=20 (full 2):
 PSYoungGen      total 23040K, used 23023K [0x00000000d5580000, 0x00000000d6f80000, 0x0000000100000000)
  eden space 22016K, 100% used [0x00000000d5580000,0x00000000d6b00000,0x00000000d6b00000)
  from space 1024K, 98% used [0x00000000d6e00000,0x00000000d6efbda0,0x00000000d6f00000)
  to   space 512K, 0% used [0x00000000d6f00000,0x00000000d6f00000,0x00000000d6f80000)
 ParOldGen       total 68608K, used 21822K [0x0000000080000000, 0x0000000084300000, 0x00000000d5580000)
  object space 68608K, 31% used [0x0000000080000000,0x000000008154fa60,0x0000000084300000)
 Metaspace       used 46662K, committed 47680K, reserved 1114112K
  class space    used 5171K, committed 5632K, reserved 1048576K
}
Event: 33.502 GC heap after
{Heap after GC invocations=20 (full 2):
 PSYoungGen      total 22528K, used 512K [0x00000000d5580000, 0x00000000d7200000, 0x0000000100000000)
  eden space 22016K, 0% used [0x00000000d5580000,0x00000000d5580000,0x00000000d6b00000)
  from space 512K, 100% used [0x00000000d6f00000,0x00000000d6f80000,0x00000000d6f80000)
  to   space 3584K, 0% used [0x00000000d6b00000,0x00000000d6b00000,0x00000000d6e80000)
 ParOldGen       total 68608K, used 24282K [0x0000000080000000, 0x0000000084300000, 0x00000000d5580000)
  object space 68608K, 35% used [0x0000000080000000,0x00000000817b68b8,0x0000000084300000)
 Metaspace       used 46662K, committed 47680K, reserved 1114112K
  class space    used 5171K, committed 5632K, reserved 1048576K
}
Event: 34.064 GC heap before
{Heap before GC invocations=21 (full 2):
 PSYoungGen      total 22528K, used 22528K [0x00000000d5580000, 0x00000000d7200000, 0x0000000100000000)
  eden space 22016K, 100% used [0x00000000d5580000,0x00000000d6b00000,0x00000000d6b00000)
  from space 512K, 100% used [0x00000000d6f00000,0x00000000d6f80000,0x00000000d6f80000)
  to   space 3584K, 0% used [0x00000000d6b00000,0x00000000d6b00000,0x00000000d6e80000)
 ParOldGen       total 68608K, used 24282K [0x0000000080000000, 0x0000000084300000, 0x00000000d5580000)
  object space 68608K, 35% used [0x0000000080000000,0x00000000817b68b8,0x0000000084300000)
 Metaspace       used 49169K, committed 50240K, reserved 1114112K
  class space    used 5451K, committed 5888K, reserved 1048576K
}
Event: 34.066 GC heap after
{Heap after GC invocations=21 (full 2):
 PSYoungGen      total 24064K, used 1595K [0x00000000d5580000, 0x00000000d7000000, 0x0000000100000000)
  eden space 22016K, 0% used [0x00000000d5580000,0x00000000d5580000,0x00000000d6b00000)
  from space 2048K, 77% used [0x00000000d6b00000,0x00000000d6c8eeb8,0x00000000d6d00000)
  to   space 2560K, 0% used [0x00000000d6d80000,0x00000000d6d80000,0x00000000d7000000)
 ParOldGen       total 68608K, used 24794K [0x0000000080000000, 0x0000000084300000, 0x00000000d5580000)
  object space 68608K, 36% used [0x0000000080000000,0x00000000818368b8,0x0000000084300000)
 Metaspace       used 49169K, committed 50240K, reserved 1114112K
  class space    used 5451K, committed 5888K, reserved 1048576K
}
Event: 34.425 GC heap before
{Heap before GC invocations=22 (full 2):
 PSYoungGen      total 24064K, used 23611K [0x00000000d5580000, 0x00000000d7000000, 0x0000000100000000)
  eden space 22016K, 99% used [0x00000000d5580000,0x00000000d6affff0,0x00000000d6b00000)
  from space 2048K, 77% used [0x00000000d6b00000,0x00000000d6c8eeb8,0x00000000d6d00000)
  to   space 2560K, 0% used [0x00000000d6d80000,0x00000000d6d80000,0x00000000d7000000)
 ParOldGen       total 68608K, used 24794K [0x0000000080000000, 0x0000000084300000, 0x00000000d5580000)
  object space 68608K, 36% used [0x0000000080000000,0x00000000818368b8,0x0000000084300000)
 Metaspace       used 50350K, committed 51456K, reserved 1114112K
  class space    used 5564K, committed 6016K, reserved 1048576K
}
Event: 34.426 GC heap after
{Heap after GC invocations=22 (full 2):
 PSYoungGen      total 23040K, used 576K [0x00000000d5580000, 0x00000000d6e80000, 0x0000000100000000)
  eden space 22016K, 0% used [0x00000000d5580000,0x00000000d5580000,0x00000000d6b00000)
  from space 1024K, 56% used [0x00000000d6d80000,0x00000000d6e10000,0x00000000d6e80000)
  to   space 1536K, 0% used [0x00000000d6b80000,0x00000000d6b80000,0x00000000d6d00000)
 ParOldGen       total 68608K, used 26136K [0x0000000080000000, 0x0000000084300000, 0x00000000d5580000)
  object space 68608K, 38% used [0x0000000080000000,0x00000000819863f8,0x0000000084300000)
 Metaspace       used 50350K, committed 51456K, reserved 1114112K
  class space    used 5564K, committed 6016K, reserved 1048576K
}
Event: 294.044 GC heap before
{Heap before GC invocations=23 (full 2):
 PSYoungGen      total 23040K, used 22592K [0x00000000d5580000, 0x00000000d6e80000, 0x0000000100000000)
  eden space 22016K, 100% used [0x00000000d5580000,0x00000000d6b00000,0x00000000d6b00000)
  from space 1024K, 56% used [0x00000000d6d80000,0x00000000d6e10000,0x00000000d6e80000)
  to   space 1536K, 0% used [0x00000000d6b80000,0x00000000d6b80000,0x00000000d6d00000)
 ParOldGen       total 68608K, used 26136K [0x0000000080000000, 0x0000000084300000, 0x00000000d5580000)
  object space 68608K, 38% used [0x0000000080000000,0x00000000819863f8,0x0000000084300000)
 Metaspace       used 51067K, committed 52224K, reserved 1114112K
  class space    used 5648K, committed 6080K, reserved 1048576K
}
Event: 294.045 GC heap after
{Heap after GC invocations=23 (full 2):
 PSYoungGen      total 23552K, used 408K [0x00000000d5580000, 0x00000000d6e00000, 0x0000000100000000)
  eden space 22016K, 0% used [0x00000000d5580000,0x00000000d5580000,0x00000000d6b00000)
  from space 1536K, 26% used [0x00000000d6b80000,0x00000000d6be61a8,0x00000000d6d00000)
  to   space 1024K, 0% used [0x00000000d6d00000,0x00000000d6d00000,0x00000000d6e00000)
 ParOldGen       total 68608K, used 26578K [0x0000000080000000, 0x0000000084300000, 0x00000000d5580000)
  object space 68608K, 38% used [0x0000000080000000,0x00000000819f4b48,0x0000000084300000)
 Metaspace       used 51067K, committed 52224K, reserved 1114112K
  class space    used 5648K, committed 6080K, reserved 1048576K
}
Event: 18339.066 GC heap before
{Heap before GC invocations=24 (full 2):
 PSYoungGen      total 23552K, used 22424K [0x00000000d5580000, 0x00000000d6e00000, 0x0000000100000000)
  eden space 22016K, 100% used [0x00000000d5580000,0x00000000d6b00000,0x00000000d6b00000)
  from space 1536K, 26% used [0x00000000d6b80000,0x00000000d6be61a8,0x00000000d6d00000)
  to   space 1024K, 0% used [0x00000000d6d00000,0x00000000d6d00000,0x00000000d6e00000)
 ParOldGen       total 68608K, used 26578K [0x0000000080000000, 0x0000000084300000, 0x00000000d5580000)
  object space 68608K, 38% used [0x0000000080000000,0x00000000819f4b48,0x0000000084300000)
 Metaspace       used 51670K, committed 52864K, reserved 1114112K
  class space    used 5687K, committed 6144K, reserved 1048576K
}
Event: 18339.126 GC heap after
{Heap after GC invocations=24 (full 2):
 PSYoungGen      total 22528K, used 288K [0x00000000d5580000, 0x00000000d6d80000, 0x0000000100000000)
  eden space 22016K, 0% used [0x00000000d5580000,0x00000000d5580000,0x00000000d6b00000)
  from space 512K, 56% used [0x00000000d6d00000,0x00000000d6d48000,0x00000000d6d80000)
  to   space 512K, 0% used [0x00000000d6c80000,0x00000000d6c80000,0x00000000d6d00000)
 ParOldGen       total 68608K, used 26873K [0x0000000080000000, 0x0000000084300000, 0x00000000d5580000)
  object space 68608K, 39% used [0x0000000080000000,0x0000000081a3e418,0x0000000084300000)
 Metaspace       used 51670K, committed 52864K, reserved 1114112K
  class space    used 5687K, committed 6144K, reserved 1048576K
}

Dll operation events (14 events):
Event: 0.171 Loaded shared library c:\Users\kitti_yk\.antigravity\extensions\redhat.java-1.54.0-win32-x64\jre\21.0.10-win32-x86_64\bin\java.dll
Event: 0.289 Loaded shared library c:\Users\kitti_yk\.antigravity\extensions\redhat.java-1.54.0-win32-x64\jre\21.0.10-win32-x86_64\bin\zip.dll
Event: 0.339 Loaded shared library C:\Users\kitti_yk\.antigravity\extensions\redhat.java-1.54.0-win32-x64\jre\21.0.10-win32-x86_64\bin\instrument.dll
Event: 0.405 Loaded shared library C:\Users\kitti_yk\.antigravity\extensions\redhat.java-1.54.0-win32-x64\jre\21.0.10-win32-x86_64\bin\net.dll
Event: 0.452 Loaded shared library C:\Users\kitti_yk\.antigravity\extensions\redhat.java-1.54.0-win32-x64\jre\21.0.10-win32-x86_64\bin\nio.dll
Event: 0.454 Loaded shared library C:\Users\kitti_yk\.antigravity\extensions\redhat.java-1.54.0-win32-x64\jre\21.0.10-win32-x86_64\bin\zip.dll
Event: 0.473 Loaded shared library C:\Users\kitti_yk\.antigravity\extensions\redhat.java-1.54.0-win32-x64\jre\21.0.10-win32-x86_64\bin\jimage.dll
Event: 0.600 Loaded shared library c:\Users\kitti_yk\.antigravity\extensions\redhat.java-1.54.0-win32-x64\jre\21.0.10-win32-x86_64\bin\verify.dll
Event: 13.422 Loaded shared library C:\Users\kitti_yk\AppData\Roaming\Antigravity\User\globalStorage\redhat.java\1.54.0\config_win\org.eclipse.equinox.launcher\org.eclipse.equinox.launcher.win32.win32.x86_64_1.3.0.v20260203-2149\eclipse_11919.dll
Event: 31.491 Loaded shared library C:\Users\kitti_yk\.antigravity\extensions\redhat.java-1.54.0-win32-x64\jre\21.0.10-win32-x86_64\bin\management.dll
Event: 31.496 Loaded shared library C:\Users\kitti_yk\.antigravity\extensions\redhat.java-1.54.0-win32-x64\jre\21.0.10-win32-x86_64\bin\management_ext.dll
Event: 32.359 Loaded shared library C:\Users\kitti_yk\AppData\Local\Temp\jna--367916026\jna15408963201800823496.dll
Event: 32.480 Loaded shared library C:\Users\kitti_yk\.antigravity\extensions\redhat.java-1.54.0-win32-x64\jre\21.0.10-win32-x86_64\bin\sunmscapi.dll
Event: 32.791 Loaded shared library C:\Users\kitti_yk\.antigravity\extensions\redhat.java-1.54.0-win32-x64\jre\21.0.10-win32-x86_64\bin\extnet.dll

Deoptimization events (20 events):
Event: 27689.132 Thread 0x000001b16fd131c0 Uncommon trap: trap_request=0xfffffff4 fr.pc=0x000001b15c04cb3c relative=0x0000000000000dbc
Event: 27689.133 Thread 0x000001b16fd131c0 Uncommon trap: reason=null_check action=make_not_entrant pc=0x000001b15c04cb3c method=org.apache.aries.spifly.BaseActivator.getWeavingData(Lorg/osgi/framework/Bundle;)Ljava/util/Set; @ 10 c2
Event: 27689.133 Thread 0x000001b16fd131c0 DEOPT PACKING pc=0x000001b15c04cb3c sp=0x0000008f27efd8a0
Event: 27689.138 Thread 0x000001b16fd131c0 DEOPT UNPACKING pc=0x000001b15b8d3aa2 sp=0x0000008f27efd648 mode 2
Event: 27689.256 Thread 0x000001b16fd131c0 Uncommon trap: trap_request=0xffffffde fr.pc=0x000001b15bee3fb4 relative=0x0000000000000274
Event: 27689.257 Thread 0x000001b16fd131c0 Uncommon trap: reason=class_check action=maybe_recompile pc=0x000001b15bee3fb4 method=java.util.Comparator.lambda$comparing$77a9974f$1(Ljava/util/function/Function;Ljava/lang/Object;Ljava/lang/Object;)I @ 7 c2
Event: 27689.257 Thread 0x000001b16fd131c0 DEOPT PACKING pc=0x000001b15bee3fb4 sp=0x0000008f27efd2c0
Event: 27689.257 Thread 0x000001b16fd131c0 DEOPT UNPACKING pc=0x000001b15b8d3aa2 sp=0x0000008f27efd1f0 mode 2
Event: 27689.265 Thread 0x000001b16fd131c0 Uncommon trap: trap_request=0xffffffde fr.pc=0x000001b15bee3fb4 relative=0x0000000000000274
Event: 27689.265 Thread 0x000001b16fd131c0 Uncommon trap: reason=class_check action=maybe_recompile pc=0x000001b15bee3fb4 method=java.util.Comparator.lambda$comparing$77a9974f$1(Ljava/util/function/Function;Ljava/lang/Object;Ljava/lang/Object;)I @ 7 c2
Event: 27689.265 Thread 0x000001b16fd131c0 DEOPT PACKING pc=0x000001b15bee3fb4 sp=0x0000008f27efd2c0
Event: 27689.265 Thread 0x000001b16fd131c0 DEOPT UNPACKING pc=0x000001b15b8d3aa2 sp=0x0000008f27efd1f0 mode 2
Event: 27689.265 Thread 0x000001b16fd131c0 Uncommon trap: trap_request=0xffffffde fr.pc=0x000001b15bee3fb4 relative=0x0000000000000274
Event: 27689.265 Thread 0x000001b16fd131c0 Uncommon trap: reason=class_check action=maybe_recompile pc=0x000001b15bee3fb4 method=java.util.Comparator.lambda$comparing$77a9974f$1(Ljava/util/function/Function;Ljava/lang/Object;Ljava/lang/Object;)I @ 7 c2
Event: 27689.265 Thread 0x000001b16fd131c0 DEOPT PACKING pc=0x000001b15bee3fb4 sp=0x0000008f27efd2c0
Event: 27689.265 Thread 0x000001b16fd131c0 DEOPT UNPACKING pc=0x000001b15b8d3aa2 sp=0x0000008f27efd1f0 mode 2
Event: 27689.265 Thread 0x000001b16fd131c0 Uncommon trap: trap_request=0xffffffde fr.pc=0x000001b15bee3fb4 relative=0x0000000000000274
Event: 27689.265 Thread 0x000001b16fd131c0 Uncommon trap: reason=class_check action=maybe_recompile pc=0x000001b15bee3fb4 method=java.util.Comparator.lambda$comparing$77a9974f$1(Ljava/util/function/Function;Ljava/lang/Object;Ljava/lang/Object;)I @ 7 c2
Event: 27689.265 Thread 0x000001b16fd131c0 DEOPT PACKING pc=0x000001b15bee3fb4 sp=0x0000008f27efd2c0
Event: 27689.265 Thread 0x000001b16fd131c0 DEOPT UNPACKING pc=0x000001b15b8d3aa2 sp=0x0000008f27efd1f0 mode 2

Classes loaded (20 events):
Event: 27686.598 Loading class jdk/internal/reflect/MethodAccessorGenerator$1
Event: 27686.599 Loading class jdk/internal/reflect/MethodAccessorGenerator$1 done
Event: 27686.599 Loading class jdk/internal/reflect/ClassDefiner
Event: 27686.606 Loading class jdk/internal/reflect/ClassDefiner done
Event: 27686.606 Loading class jdk/internal/reflect/ClassDefiner$1
Event: 27686.608 Loading class jdk/internal/reflect/ClassDefiner$1 done
Event: 27686.776 Loading class jdk/internal/reflect/SerializationConstructorAccessorImpl
Event: 27686.815 Loading class jdk/internal/reflect/SerializationConstructorAccessorImpl done
Event: 27687.103 Loading class java/io/ClassCache$CacheRef
Event: 27687.106 Loading class java/io/ClassCache$CacheRef done
Event: 27687.122 Loading class java/io/ObjectStreamClass$FieldReflectorKey
Event: 27687.123 Loading class java/io/ObjectStreamClass$FieldReflectorKey done
Event: 27687.128 Loading class java/io/ObjectStreamClass$FieldReflector
Event: 27687.135 Loading class java/io/ObjectStreamClass$FieldReflector done
Event: 27687.170 Loading class java/io/ObjectStreamClass$ClassDataSlot
Event: 27687.170 Loading class java/io/ObjectStreamClass$ClassDataSlot done
Event: 27687.208 Loading class java/io/SerialCallbackContext
Event: 27687.211 Loading class java/io/SerialCallbackContext done
Event: 27689.361 Loading class java/util/WeakHashMap$KeyIterator
Event: 27689.363 Loading class java/util/WeakHashMap$KeyIterator done

Classes unloaded (7 events):
Event: 31.850 Thread 0x000001b1511ef810 Unloading class 0x000001b1011a4c00 'java/lang/invoke/LambdaForm$MH+0x000001b1011a4c00'
Event: 31.850 Thread 0x000001b1511ef810 Unloading class 0x000001b1011a4800 'java/lang/invoke/LambdaForm$MH+0x000001b1011a4800'
Event: 31.850 Thread 0x000001b1511ef810 Unloading class 0x000001b1011a4400 'java/lang/invoke/LambdaForm$MH+0x000001b1011a4400'
Event: 31.850 Thread 0x000001b1511ef810 Unloading class 0x000001b1011a4000 'java/lang/invoke/LambdaForm$MH+0x000001b1011a4000'
Event: 31.850 Thread 0x000001b1511ef810 Unloading class 0x000001b1011a3c00 'java/lang/invoke/LambdaForm$BMH+0x000001b1011a3c00'
Event: 31.850 Thread 0x000001b1511ef810 Unloading class 0x000001b1011a3800 'java/lang/invoke/LambdaForm$DMH+0x000001b1011a3800'
Event: 31.850 Thread 0x000001b1511ef810 Unloading class 0x000001b1011a2800 'java/lang/invoke/LambdaForm$DMH+0x000001b1011a2800'

Classes redefined (0 events):
No events

Internal exceptions (20 events):
Event: 34.590 Thread 0x000001b16fd0c8c0 Exception <a 'sun/nio/fs/WindowsException'{0x00000000d62dc040}> (0x00000000d62dc040) 
thrown [s\src\hotspot\share\prims\jni.cpp, line 520]
Event: 34.590 Thread 0x000001b16fd0c8c0 Exception <a 'sun/nio/fs/WindowsException'{0x00000000d62dc758}> (0x00000000d62dc758) 
thrown [s\src\hotspot\share\prims\jni.cpp, line 520]
Event: 34.590 Thread 0x000001b16fd0c8c0 Exception <a 'sun/nio/fs/WindowsException'{0x00000000d62dd4d8}> (0x00000000d62dd4d8) 
thrown [s\src\hotspot\share\prims\jni.cpp, line 520]
Event: 34.590 Thread 0x000001b16fd0c8c0 Exception <a 'sun/nio/fs/WindowsException'{0x00000000d62ddb08}> (0x00000000d62ddb08) 
thrown [s\src\hotspot\share\prims\jni.cpp, line 520]
Event: 34.590 Thread 0x000001b16fd0c8c0 Exception <a 'sun/nio/fs/WindowsException'{0x00000000d62de690}> (0x00000000d62de690) 
thrown [s\src\hotspot\share\prims\jni.cpp, line 520]
Event: 34.590 Thread 0x000001b16fd0c8c0 Exception <a 'sun/nio/fs/WindowsException'{0x00000000d62decc0}> (0x00000000d62decc0) 
thrown [s\src\hotspot\share\prims\jni.cpp, line 520]
Event: 34.627 Thread 0x000001b16fd0c8c0 Exception <a 'java/lang/IncompatibleClassChangeError'{0x00000000d6561290}: Found class java.lang.Object, but interface was expected> (0x00000000d6561290) 
thrown [s\src\hotspot\share\interpreter\linkResolver.cpp, line 840]
Event: 9315.481 Thread 0x000001b16fd0c8c0 Exception <a 'java/lang/IncompatibleClassChangeError'{0x00000000d5e58f30}: Found class java.lang.Object, but interface was expected> (0x00000000d5e58f30) 
thrown [s\src\hotspot\share\interpreter\linkResolver.cpp, line 840]
Event: 27685.004 Thread 0x000001b16fd11780 Implicit null exception at 0x000001b15c213c82 to 0x000001b15c213e7c
Event: 27685.154 Thread 0x000001b16fd11780 Implicit null exception at 0x000001b15c216247 to 0x000001b15c217670
Event: 27685.227 Thread 0x000001b16fd11780 Exception <a 'sun/nio/fs/WindowsException'{0x00000000d5d042b0}> (0x00000000d5d042b0) 
thrown [s\src\hotspot\share\prims\jni.cpp, line 520]
Event: 27685.324 Thread 0x000001b16fd11780 Exception <a 'sun/nio/fs/WindowsException'{0x00000000d5d06520}> (0x00000000d5d06520) 
thrown [s\src\hotspot\share\prims\jni.cpp, line 520]
Event: 27686.258 Thread 0x000001b16fd11780 Exception <a 'java/lang/NoSuchMethodError'{0x00000000d5d7ac48}: 'long java.lang.invoke.Invokers$Holder.invokeExact_MT(java.lang.Object, java.lang.Object)'> (0x00000000d5d7ac48) 
thrown [s\src\hotspot\share\interpreter\linkResolver.cpp, line 773]
Event: 27687.379 Thread 0x000001b16fd11780 Exception <a 'java/io/FileNotFoundException'{0x00000000d5e236d8}> (0x00000000d5e236d8) 
thrown [s\src\hotspot\share\prims\jni.cpp, line 520]
Event: 27687.559 Thread 0x000001b16fd11780 Exception <a 'java/lang/NoSuchMethodError'{0x00000000d5e6ab40}: 'java.lang.Object java.lang.invoke.DirectMethodHandle$Holder.newInvokeSpecial(java.lang.Object, java.lang.Object, java.lang.Object, java.lang.Object, java.lang.Object, java.lang.Object, java.lang.Object, java.lang.Object, java.lang.Object, java.lang.Object)'> (0x00000000d5e6ab40) 
thrown [s\src\hotspot\share\interpreter\linkResolver.cpp, line 773]
Event: 27688.188 Thread 0x000001b16fd11780 Exception <a 'sun/nio/fs/WindowsException'{0x00000000d5ec2920}> (0x00000000d5ec2920) 
thrown [s\src\hotspot\share\prims\jni.cpp, line 520]
Event: 27688.241 Thread 0x000001b16fd11780 Exception <a 'sun/nio/fs/WindowsException'{0x00000000d5edbee8}> (0x00000000d5edbee8) 
thrown [s\src\hotspot\share\prims\jni.cpp, line 520]
Event: 27688.260 Thread 0x000001b16fd11780 Exception <a 'sun/nio/fs/WindowsException'{0x00000000d5ee1668}> (0x00000000d5ee1668) 
thrown [s\src\hotspot\share\prims\jni.cpp, line 520]
Event: 27689.132 Thread 0x000001b16fd131c0 Implicit null exception at 0x000001b15c04c9fc to 0x000001b15c04caed
Event: 27690.011 Thread 0x000001b16fd131c0 Exception <a 'java/lang/NoSuchMethodError'{0x00000000d6033df8}: 'void java.lang.invoke.DirectMethodHandle$Holder.invokeInterface(java.lang.Object, java.lang.Object)'> (0x00000000d6033df8) 
thrown [s\src\hotspot\share\interpreter\linkResolver.cpp, line 773]

ZGC Phase Switch (0 events):
No events

VM Operations (20 events):
Event: 27671.399 Executing safepoint VM operation: Cleanup
Event: 27671.448 Executing safepoint VM operation: Cleanup done
Event: 27672.461 Executing safepoint VM operation: Cleanup
Event: 27673.162 Executing safepoint VM operation: Cleanup done
Event: 27677.188 Executing safepoint VM operation: Cleanup
Event: 27677.239 Executing safepoint VM operation: Cleanup done
Event: 27678.245 Executing safepoint VM operation: Cleanup
Event: 27678.246 Executing safepoint VM operation: Cleanup done
Event: 27679.246 Executing safepoint VM operation: Cleanup
Event: 27679.339 Executing safepoint VM operation: Cleanup done
Event: 27682.376 Executing safepoint VM operation: Cleanup
Event: 27682.639 Executing safepoint VM operation: Cleanup done
Event: 27686.675 Executing safepoint VM operation: Cleanup
Event: 27686.675 Executing safepoint VM operation: Cleanup done
Event: 27687.686 Executing safepoint VM operation: Cleanup
Event: 27687.718 Executing safepoint VM operation: Cleanup done
Event: 27688.728 Executing safepoint VM operation: Cleanup
Event: 27688.758 Executing safepoint VM operation: Cleanup done
Event: 27689.766 Executing safepoint VM operation: Cleanup
Event: 27689.797 Executing safepoint VM operation: Cleanup done

Memory protections (0 events):
No events

Nmethod flushes (20 events):
Event: 32.656 Thread 0x000001b1511ef810 flushing  nmethod 0x000001b154988f10
Event: 32.656 Thread 0x000001b1511ef810 flushing  nmethod 0x000001b154989810
Event: 32.656 Thread 0x000001b1511ef810 flushing  nmethod 0x000001b15498aa10
Event: 32.656 Thread 0x000001b1511ef810 flushing  nmethod 0x000001b15498c110
Event: 32.656 Thread 0x000001b1511ef810 flushing  nmethod 0x000001b15498c890
Event: 32.656 Thread 0x000001b1511ef810 flushing  nmethod 0x000001b15498de10
Event: 32.656 Thread 0x000001b1511ef810 flushing  nmethod 0x000001b15498e310
Event: 32.656 Thread 0x000001b1511ef810 flushing  nmethod 0x000001b15498ec10
Event: 32.656 Thread 0x000001b1511ef810 flushing  nmethod 0x000001b15498f490
Event: 32.656 Thread 0x000001b1511ef810 flushing  nmethod 0x000001b154991490
Event: 32.656 Thread 0x000001b1511ef810 flushing  nmethod 0x000001b154992510
Event: 32.656 Thread 0x000001b1511ef810 flushing  nmethod 0x000001b154992d10
Event: 32.656 Thread 0x000001b1511ef810 flushing  nmethod 0x000001b154993c90
Event: 32.656 Thread 0x000001b1511ef810 flushing  nmethod 0x000001b15499d790
Event: 32.656 Thread 0x000001b1511ef810 flushing  nmethod 0x000001b1549af810
Event: 32.656 Thread 0x000001b1511ef810 flushing  nmethod 0x000001b1549b8e90
Event: 32.656 Thread 0x000001b1511ef810 flushing  nmethod 0x000001b1549c3310
Event: 32.656 Thread 0x000001b1511ef810 flushing  nmethod 0x000001b1549c9890
Event: 32.656 Thread 0x000001b1511ef810 flushing  nmethod 0x000001b154a12490
Event: 32.656 Thread 0x000001b1511ef810 flushing  nmethod 0x000001b154a3f310

Events (20 events):
Event: 36.133 Thread 0x000001b171374100 Thread exited: 0x000001b171374100
Event: 48.356 Thread 0x000001b16fd131c0 Thread exited: 0x000001b16fd131c0
Event: 61.461 Thread 0x000001b15120afd0 Thread added: 0x000001b171372c90
Event: 66.517 Thread 0x000001b171372c90 Thread exited: 0x000001b171372c90
Event: 94.626 Thread 0x000001b16e98e830 Thread exited: 0x000001b16e98e830
Event: 94.628 Thread 0x000001b16e990900 Thread exited: 0x000001b16e990900
Event: 94.637 Thread 0x000001b16fd124a0 Thread exited: 0x000001b16fd124a0
Event: 94.645 Thread 0x000001b16fd12b30 Thread exited: 0x000001b16fd12b30
Event: 95.151 Thread 0x000001b169099820 Thread exited: 0x000001b169099820
Event: 154.652 Thread 0x000001b16fd10a60 Thread exited: 0x000001b16fd10a60
Event: 9315.505 Thread 0x000001b16fd0c8c0 Thread added: 0x000001b16fd12b30
Event: 9315.538 Thread 0x000001b16fd0c8c0 Thread added: 0x000001b16fd131c0
Event: 9391.226 Thread 0x000001b16fd131c0 Thread exited: 0x000001b16fd131c0
Event: 9451.234 Thread 0x000001b16fd12b30 Thread exited: 0x000001b16fd12b30
Event: 27671.388 Thread 0x000001b16fd0f6b0 Thread added: 0x000001b16fd12b30
Event: 27681.292 Thread 0x000001b16fd11780 Thread added: 0x000001b16fd10a60
Event: 27682.228 Thread 0x000001b16fd10a60 Thread exited: 0x000001b16fd10a60
Event: 27685.465 Thread 0x000001b16fd11780 Thread added: 0x000001b16fd131c0
Event: 27685.532 Thread 0x000001b16fd131c0 Thread exited: 0x000001b16fd131c0
Event: 27688.599 Thread 0x000001b14edc7aa0 Thread added: 0x000001b16fd131c0


Dynamic libraries:
0x00007ff780be0000 - 0x00007ff780bee000 	c:\Users\kitti_yk\.antigravity\extensions\redhat.java-1.54.0-win32-x64\jre\21.0.10-win32-x86_64\bin\java.exe
0x00007ffdf7660000 - 0x00007ffdf78c7000 	C:\WINDOWS\SYSTEM32\ntdll.dll
0x00007ffdf6420000 - 0x00007ffdf64e9000 	C:\WINDOWS\System32\KERNEL32.DLL
0x00007ffdf3f60000 - 0x00007ffdf4354000 	C:\WINDOWS\System32\KERNELBASE.dll
0x00007ffdf4fc0000 - 0x00007ffdf510b000 	C:\WINDOWS\System32\ucrtbase.dll
0x00007ffda1730000 - 0x00007ffda174e000 	c:\Users\kitti_yk\.antigravity\extensions\redhat.java-1.54.0-win32-x64\jre\21.0.10-win32-x86_64\bin\VCRUNTIME140.dll
0x00007ffd9c960000 - 0x00007ffd9c978000 	c:\Users\kitti_yk\.antigravity\extensions\redhat.java-1.54.0-win32-x64\jre\21.0.10-win32-x86_64\bin\jli.dll
0x00007ffdf72e0000 - 0x00007ffdf74a5000 	C:\WINDOWS\System32\USER32.dll
0x00007ffdd8770000 - 0x00007ffdd8a03000 	C:\WINDOWS\WinSxS\amd64_microsoft.windows.common-controls_6595b64144ccf1df_6.0.26100.8115_none_3e075c82e3354f9c\COMCTL32.dll
0x00007ffdf3f30000 - 0x00007ffdf3f57000 	C:\WINDOWS\System32\win32u.dll
0x00007ffdf6360000 - 0x00007ffdf6409000 	C:\WINDOWS\System32\msvcrt.dll
0x00007ffdf6140000 - 0x00007ffdf616b000 	C:\WINDOWS\System32\GDI32.dll
0x00007ffdf4620000 - 0x00007ffdf474b000 	C:\WINDOWS\System32\gdi32full.dll
0x00007ffdf5280000 - 0x00007ffdf5323000 	C:\WINDOWS\System32\msvcp_win.dll
0x00007ffdf71b0000 - 0x00007ffdf71e2000 	C:\WINDOWS\System32\IMM32.DLL
0x00007ffde9740000 - 0x00007ffde974c000 	c:\Users\kitti_yk\.antigravity\extensions\redhat.java-1.54.0-win32-x64\jre\21.0.10-win32-x86_64\bin\vcruntime140_1.dll
0x00007ffd647a0000 - 0x00007ffd6482d000 	c:\Users\kitti_yk\.antigravity\extensions\redhat.java-1.54.0-win32-x64\jre\21.0.10-win32-x86_64\bin\msvcp140.dll
0x00007ffd3b6b0000 - 0x00007ffd3c451000 	c:\Users\kitti_yk\.antigravity\extensions\redhat.java-1.54.0-win32-x64\jre\21.0.10-win32-x86_64\bin\server\jvm.dll
0x00007ffdf6930000 - 0x00007ffdf69e6000 	C:\WINDOWS\System32\ADVAPI32.dll
0x00007ffdf5c20000 - 0x00007ffdf5cc7000 	C:\WINDOWS\System32\sechost.dll
0x00007ffdf6790000 - 0x00007ffdf68a8000 	C:\WINDOWS\System32\RPCRT4.dll
0x00007ffdf7500000 - 0x00007ffdf7580000 	C:\WINDOWS\System32\WS2_32.dll
0x00007ffdf2b30000 - 0x00007ffdf2b8e000 	C:\WINDOWS\SYSTEM32\POWRPROF.dll
0x00007ffdeada0000 - 0x00007ffdeadab000 	C:\WINDOWS\SYSTEM32\VERSION.dll
0x00007ffde7ac0000 - 0x00007ffde7af6000 	C:\WINDOWS\SYSTEM32\WINMM.dll
0x00007ffdf2b10000 - 0x00007ffdf2b24000 	C:\WINDOWS\SYSTEM32\UMPDC.dll
0x00007ffdf2de0000 - 0x00007ffdf2dfb000 	C:\WINDOWS\SYSTEM32\kernel.appcore.dll
0x00007ffde2e60000 - 0x00007ffde2e6a000 	c:\Users\kitti_yk\.antigravity\extensions\redhat.java-1.54.0-win32-x64\jre\21.0.10-win32-x86_64\bin\jimage.dll
0x00007ffdf1810000 - 0x00007ffdf1a52000 	C:\WINDOWS\SYSTEM32\DBGHELP.DLL
0x00007ffdf5db0000 - 0x00007ffdf6132000 	C:\WINDOWS\System32\combase.dll
0x00007ffdf5cd0000 - 0x00007ffdf5da8000 	C:\WINDOWS\System32\OLEAUT32.dll
0x00007ffdd4700000 - 0x00007ffdd473b000 	C:\WINDOWS\SYSTEM32\dbgcore.DLL
0x00007ffdf44e0000 - 0x00007ffdf4585000 	C:\WINDOWS\System32\bcryptPrimitives.dll
0x00007ffddfac0000 - 0x00007ffddfacf000 	c:\Users\kitti_yk\.antigravity\extensions\redhat.java-1.54.0-win32-x64\jre\21.0.10-win32-x86_64\bin\instrument.dll
0x00007ffd9c940000 - 0x00007ffd9c960000 	c:\Users\kitti_yk\.antigravity\extensions\redhat.java-1.54.0-win32-x64\jre\21.0.10-win32-x86_64\bin\java.dll
0x00007ffdf6a40000 - 0x00007ffdf71a7000 	C:\WINDOWS\System32\SHELL32.dll
0x00007ffdf5110000 - 0x00007ffdf527a000 	C:\WINDOWS\System32\wintypes.dll
0x00007ffdf4750000 - 0x00007ffdf4fb8000 	C:\WINDOWS\System32\windows.storage.dll
0x00007ffdf54c0000 - 0x00007ffdf55b8000 	C:\WINDOWS\System32\SHCORE.dll
0x00007ffdf5bb0000 - 0x00007ffdf5c16000 	C:\WINDOWS\System32\shlwapi.dll
0x00007ffdf3e50000 - 0x00007ffdf3e79000 	C:\WINDOWS\SYSTEM32\profapi.dll
0x00007ffd9c3e0000 - 0x00007ffd9c3f8000 	c:\Users\kitti_yk\.antigravity\extensions\redhat.java-1.54.0-win32-x64\jre\21.0.10-win32-x86_64\bin\zip.dll
0x00007ffddea10000 - 0x00007ffddea20000 	C:\Users\kitti_yk\.antigravity\extensions\redhat.java-1.54.0-win32-x64\jre\21.0.10-win32-x86_64\bin\net.dll
0x00007ffdec040000 - 0x00007ffdec16d000 	C:\WINDOWS\SYSTEM32\WINHTTP.dll
0x00007ffdf3350000 - 0x00007ffdf33bc000 	C:\WINDOWS\system32\mswsock.dll
0x00007ffd9bdf0000 - 0x00007ffd9be06000 	C:\Users\kitti_yk\.antigravity\extensions\redhat.java-1.54.0-win32-x64\jre\21.0.10-win32-x86_64\bin\nio.dll
0x00007ffddb160000 - 0x00007ffddb170000 	c:\Users\kitti_yk\.antigravity\extensions\redhat.java-1.54.0-win32-x64\jre\21.0.10-win32-x86_64\bin\verify.dll
0x00007ffd90490000 - 0x00007ffd904d5000 	C:\Users\kitti_yk\AppData\Roaming\Antigravity\User\globalStorage\redhat.java\1.54.0\config_win\org.eclipse.equinox.launcher\org.eclipse.equinox.launcher.win32.win32.x86_64_1.3.0.v20260203-2149\eclipse_11919.dll
0x00007ffdf65f0000 - 0x00007ffdf6787000 	C:\WINDOWS\System32\ole32.dll
0x00007ffdec520000 - 0x00007ffdec52a000 	C:\Users\kitti_yk\.antigravity\extensions\redhat.java-1.54.0-win32-x64\jre\21.0.10-win32-x86_64\bin\management.dll
0x00007ffdd2d10000 - 0x00007ffdd2d1c000 	C:\Users\kitti_yk\.antigravity\extensions\redhat.java-1.54.0-win32-x64\jre\21.0.10-win32-x86_64\bin\management_ext.dll
0x00007ffdf53f0000 - 0x00007ffdf53f8000 	C:\WINDOWS\System32\PSAPI.DLL
0x00007ffdf3630000 - 0x00007ffdf364b000 	C:\WINDOWS\SYSTEM32\CRYPTSP.dll
0x00007ffdf2d40000 - 0x00007ffdf2d79000 	C:\WINDOWS\system32\rsaenh.dll
0x00007ffdf3400000 - 0x00007ffdf3433000 	C:\WINDOWS\SYSTEM32\USERENV.dll
0x00007ffdf3e20000 - 0x00007ffdf3e4a000 	C:\WINDOWS\SYSTEM32\bcrypt.dll
0x00007ffdf3650000 - 0x00007ffdf365c000 	C:\WINDOWS\SYSTEM32\CRYPTBASE.dll
0x00007ffdf2760000 - 0x00007ffdf2792000 	C:\WINDOWS\SYSTEM32\IPHLPAPI.DLL
0x00007ffdf6170000 - 0x00007ffdf617a000 	C:\WINDOWS\System32\NSI.dll
0x00007ffd7e5d0000 - 0x00007ffd7e619000 	C:\Users\kitti_yk\AppData\Local\Temp\jna--367916026\jna15408963201800823496.dll
0x00007ffdec2c0000 - 0x00007ffdec2dd000 	C:\WINDOWS\SYSTEM32\dhcpcsvc6.DLL
0x00007ffdec210000 - 0x00007ffdec235000 	C:\WINDOWS\SYSTEM32\dhcpcsvc.DLL
0x00007ffdc39c0000 - 0x00007ffdc39ce000 	C:\Users\kitti_yk\.antigravity\extensions\redhat.java-1.54.0-win32-x64\jre\21.0.10-win32-x86_64\bin\sunmscapi.dll
0x00007ffdf4360000 - 0x00007ffdf44d7000 	C:\WINDOWS\System32\CRYPT32.dll
0x00007ffdf3850000 - 0x00007ffdf3880000 	C:\WINDOWS\SYSTEM32\ncrypt.dll
0x00007ffdf3800000 - 0x00007ffdf383f000 	C:\WINDOWS\SYSTEM32\NTASN1.dll
0x00007ffdf2800000 - 0x00007ffdf2932000 	C:\WINDOWS\SYSTEM32\DNSAPI.dll
0x00007ffdeae00000 - 0x00007ffdeae0b000 	C:\Windows\System32\rasadhlp.dll
0x00007ffdec580000 - 0x00007ffdec606000 	C:\WINDOWS\System32\fwpuclnt.dll
0x00007ffdc26e0000 - 0x00007ffdc26e9000 	C:\Users\kitti_yk\.antigravity\extensions\redhat.java-1.54.0-win32-x64\jre\21.0.10-win32-x86_64\bin\extnet.dll

JVMTI agents:
c:\Users\kitti_yk\.antigravity\extensions\redhat.java-1.54.0-win32-x64\lombok\lombok-1.18.39-4050.jar path:c:\Users\kitti_yk\.antigravity\extensions\redhat.java-1.54.0-win32-x64\jre\21.0.10-win32-x86_64\bin\instrument.dll, loaded, initialized, instrumentlib options:none

dbghelp: loaded successfully - version: 4.0.5 - missing functions: none
symbol engine: initialized successfully - sym options: 0x614 - pdb path: .;c:\Users\kitti_yk\.antigravity\extensions\redhat.java-1.54.0-win32-x64\jre\21.0.10-win32-x86_64\bin;C:\WINDOWS\SYSTEM32;C:\WINDOWS\WinSxS\amd64_microsoft.windows.common-controls_6595b64144ccf1df_6.0.26100.8115_none_3e075c82e3354f9c;c:\Users\kitti_yk\.antigravity\extensions\redhat.java-1.54.0-win32-x64\jre\21.0.10-win32-x86_64\bin\server;C:\Users\kitti_yk\AppData\Roaming\Antigravity\User\globalStorage\redhat.java\1.54.0\config_win\org.eclipse.equinox.launcher\org.eclipse.equinox.launcher.win32.win32.x86_64_1.3.0.v20260203-2149;C:\Users\kitti_yk\AppData\Local\Temp\jna--367916026

VM Arguments:
jvm_args: --add-modules=ALL-SYSTEM --add-opens=java.base/java.util=ALL-UNNAMED --add-opens=java.base/java.lang=ALL-UNNAMED --add-opens=java.base/sun.nio.fs=ALL-UNNAMED -Declipse.application=org.eclipse.jdt.ls.core.id1 -Dosgi.bundles.defaultStartLevel=4 -Declipse.product=org.eclipse.jdt.ls.core.product -Djava.import.generatesMetadataFilesAtProjectRoot=false -DDetectVMInstallationsJob.disabled=true -Dfile.encoding=utf8 -XX:+UseParallelGC -XX:GCTimeRatio=4 -XX:AdaptiveSizePolicyWeight=90 -Dsun.zip.disableMemoryMapping=true -Xmx2G -Xms100m -Xlog:disable -javaagent:c:\Users\kitti_yk\.antigravity\extensions\redhat.java-1.54.0-win32-x64\lombok\lombok-1.18.39-4050.jar -XX:+HeapDumpOnOutOfMemoryError -XX:HeapDumpPath=c:\Users\kitti_yk\AppData\Roaming\Antigravity\User\workspaceStorage\13276544807d968d943086185edd8cff\redhat.java -Daether.dependencyCollector.impl=bf 
java_command: c:\Users\kitti_yk\.antigravity\extensions\redhat.java-1.54.0-win32-x64\server\plugins\org.eclipse.equinox.launcher_1.7.100.v20251111-0406.jar -configuration c:\Users\kitti_yk\AppData\Roaming\Antigravity\User\globalStorage\redhat.java\1.54.0\config_win -data c:\Users\kitti_yk\AppData\Roaming\Antigravity\User\workspaceStorage\13276544807d968d943086185edd8cff\redhat.java\jdt_ws --pipe=\\.\pipe\lsp-502159162646f57498297df6c3b4628c-sock
java_class_path (initial): c:\Users\kitti_yk\.antigravity\extensions\redhat.java-1.54.0-win32-x64\server\plugins\org.eclipse.equinox.launcher_1.7.100.v20251111-0406.jar
Launcher Type: SUN_STANDARD

[Global flags]
    uintx AdaptiveSizePolicyWeight                 = 90                                        {product} {command line}
     intx CICompilerCount                          = 4                                         {product} {ergonomic}
    uintx GCTimeRatio                              = 4                                         {product} {command line}
     bool HeapDumpOnOutOfMemoryError               = true                                   {manageable} {command line}
    ccstr HeapDumpPath                             = c:\Users\kitti_yk\AppData\Roaming\Antigravity\User\workspaceStorage\13276544807d968d943086185edd8cff\redhat.java         {manageable} {command line}
   size_t InitialHeapSize                          = 104857600                                 {product} {command line}
   size_t MaxHeapSize                              = 2147483648                                {product} {command line}
   size_t MaxNewSize                               = 715653120                                 {product} {ergonomic}
   size_t MinHeapDeltaBytes                        = 524288                                    {product} {ergonomic}
   size_t MinHeapSize                              = 104857600                                 {product} {command line}
   size_t NewSize                                  = 34603008                                  {product} {ergonomic}
    uintx NonNMethodCodeHeapSize                   = 5839372                                {pd product} {ergonomic}
    uintx NonProfiledCodeHeapSize                  = 122909434                              {pd product} {ergonomic}
   size_t OldSize                                  = 70254592                                  {product} {ergonomic}
    uintx ProfiledCodeHeapSize                     = 122909434                              {pd product} {ergonomic}
    uintx ReservedCodeCacheSize                    = 251658240                              {pd product} {ergonomic}
     bool SegmentedCodeCache                       = true                                      {product} {ergonomic}
   size_t SoftMaxHeapSize                          = 2147483648                             {manageable} {ergonomic}
     bool UseCompressedOops                        = true                           {product lp64_product} {ergonomic}
     bool UseLargePagesIndividualAllocation        = false                                  {pd product} {ergonomic}
     bool UseParallelGC                            = true                                      {product} {command line}

Logging:
Log output configuration:
 #0: stdout all=off uptime,level,tags foldmultilines=false
 #1: stderr all=off uptime,level,tags foldmultilines=false

Release file:
JAVA_VERSION="21.0.10" 
MODULES="java.base java.compiler java.datatransfer java.xml java.prefs java.desktop java.instrument java.logging java.management java.security.sasl java.naming java.rmi java.management.rmi java.net.http java.scripting java.security.jgss java.transaction.xa java.sql java.sql.rowset java.xml.crypto java.se java.smartcardio jdk.accessibility jdk.internal.jvmstat jdk.attach jdk.charsets jdk.internal.opt jdk.zipfs jdk.compiler jdk.crypto.ec jdk.crypto.cryptoki jdk.crypto.mscapi jdk.dynalink jdk.internal.ed jdk.editpad jdk.hotspot.agent jdk.httpserver jdk.internal.le jdk.internal.vm.ci jdk.internal.vm.compiler jdk.internal.vm.compiler.management jdk.jartool jdk.javadoc jdk.jcmd jdk.management jdk.management.agent jdk.jconsole jdk.jdeps jdk.jdwp.agent jdk.jdi jdk.jfr jdk.jshell jdk.jsobject jdk.jstatd jdk.localedata jdk.management.jfr jdk.naming.dns jdk.naming.rmi jdk.net jdk.nio.mapmode jdk.random jdk.sctp jdk.security.auth jdk.security.jgss jdk.unsupported jdk.unsupported.desktop jdk.xml.dom" 

Environment Variables:
PATH=C:\Program Files\Eclipse Adoptium\jdk-21.0.2.13-hotspot\bin;C:\Program Files\Common Files\Oracle\Java\javapath;C:\Program Files (x86)\Common Files\Oracle\Java\java8path;C:\Program Files (x86)\Common Files\Oracle\Java\javapath;C:\Windows\system32;C:\Windows;C:\Windows\System32\Wbem;C:\Windows\System32\WindowsPowerShell\v1.0\;C:\Windows\System32\OpenSSH\;C:\Program Files (x86)\NVIDIA Corporation\PhysX\Common;C:\Program Files\NVIDIA Corporation\NVIDIA app\NvDLISR;C:\WINDOWS\system32;C:\WINDOWS;C:\WINDOWS\System32\Wbem;C:\WINDOWS\System32\WindowsPowerShell\v1.0\;C:\WINDOWS\System32\OpenSSH\;C:\Program Files\dotnet\;C:\Program Files\Go\bin;C:\Program Files\nodejs\;C:\Program Files\Git\cmd;C:\Users\kitti_yk\AppData\Local\Microsoft\WindowsApps;C:\Users\kitti_yk\AppData\Local\Programs\Microsoft VS Code\bin;C:\Users\kitti_yk\.dotnet\tools;C:\Users\kitti_yk\go\bin;C:\apache-maven-3.9.11\bin;C:\Users\kitti_yk\AppData\Roaming\npm;C:\Users\kitti_yk\AppData\Local\Programs\Antigravity\bin;C:\Users\kitti_yk\AppData\Local\GitHubDesktop\bin
USERNAME=kitti_yk
OS=Windows_NT
PROCESSOR_IDENTIFIER=Intel64 Family 6 Model 154 Stepping 3, GenuineIntel
TMP=C:\Users\kitti_yk\AppData\Local\Temp
TEMP=C:\Users\kitti_yk\AppData\Local\Temp




Periodic native trim disabled

---------------  S Y S T E M  ---------------

OS:
 Windows 11 , 64 bit Build 26100 (10.0.26100.8246)
OS uptime: 3 days 3:51 hours
Hyper-V role detected

CPU: total 12 (initial active 12) (6 cores per cpu, 2 threads per core) family 6 model 154 stepping 3 microcode 0x424, cx8, cmov, fxsr, ht, mmx, 3dnowpref, sse, sse2, sse3, ssse3, sse4.1, sse4.2, popcnt, lzcnt, tsc, tscinvbit, avx, avx2, aes, erms, clmul, bmi1, bmi2, adx, sha, fma, vzeroupper, clflush, clflushopt, clwb, hv, serialize, rdtscp, rdpid, fsrm, f16c, cet_ibt, cet_ss
Processor Information for processor 0
  Max Mhz: 2000, Current Mhz: 2000, Mhz Limit: 2000
Processor Information for processor 1
  Max Mhz: 2000, Current Mhz: 2000, Mhz Limit: 2000
Processor Information for processor 2
  Max Mhz: 2000, Current Mhz: 2000, Mhz Limit: 2000
Processor Information for processor 3
  Max Mhz: 2000, Current Mhz: 2000, Mhz Limit: 2000
Processor Information for processor 4
  Max Mhz: 2000, Current Mhz: 2000, Mhz Limit: 2000
Processor Information for processor 5
  Max Mhz: 2000, Current Mhz: 2000, Mhz Limit: 2000
Processor Information for processor 6
  Max Mhz: 2000, Current Mhz: 2000, Mhz Limit: 2000
Processor Information for processor 7
  Max Mhz: 2000, Current Mhz: 2000, Mhz Limit: 2000
Processor Information for processor 8
  Max Mhz: 2000, Current Mhz: 1466, Mhz Limit: 2000
Processor Information for processor 9
  Max Mhz: 2000, Current Mhz: 1466, Mhz Limit: 2000
Processor Information for processor 10
  Max Mhz: 2000, Current Mhz: 1466, Mhz Limit: 2000
Processor Information for processor 11
  Max Mhz: 2000, Current Mhz: 1466, Mhz Limit: 2000

Memory: 4k page, system-wide physical 16085M (1005M free)
TotalPageFile size 58241M (AvailPageFile size 12M)
current process WorkingSet (physical memory assigned to process): 95M, peak: 242M
current process commit charge ("private bytes"): 327M, peak: 360M

vm_info: OpenJDK 64-Bit Server VM (21.0.10+7-LTS) for windows-amd64 JRE (21.0.10+7-LTS), built on 2026-01-20T00:00:00Z by "admin" with MS VC++ 17.12 (VS2022)

END.
